2023-12-05 23:06:52,414 INFO o.a.j.u.JMeterUtils: Setting Locale to en_EN
2023-12-05 23:06:52,441 INFO o.a.j.JMeter: Loading user properties from: /usr/local/Cellar/jmeter/5.6.2/libexec/bin/user.properties
2023-12-05 23:06:52,442 INFO o.a.j.JMeter: Loading system properties from: /usr/local/Cellar/jmeter/5.6.2/libexec/bin/system.properties
2023-12-05 23:06:52,453 INFO o.a.j.JMeter: Copyright (c) 1998-2023 The Apache Software Foundation
2023-12-05 23:06:52,453 INFO o.a.j.JMeter: Version 5.6.2
2023-12-05 23:06:52,453 INFO o.a.j.JMeter: java.version=17.0.9
2023-12-05 23:06:52,453 INFO o.a.j.JMeter: java.vm.name=OpenJDK 64-Bit Server VM
2023-12-05 23:06:52,453 INFO o.a.j.JMeter: os.name=Mac OS X
2023-12-05 23:06:52,453 INFO o.a.j.JMeter: os.arch=x86_64
2023-12-05 23:06:52,454 INFO o.a.j.JMeter: os.version=14.1.2
2023-12-05 23:06:52,454 INFO o.a.j.JMeter: file.encoding=UTF-8
2023-12-05 23:06:52,454 INFO o.a.j.JMeter: java.awt.headless=null
2023-12-05 23:06:52,454 INFO o.a.j.JMeter: Max memory     =1073741824
2023-12-05 23:06:52,454 INFO o.a.j.JMeter: Available Processors =8
2023-12-05 23:06:52,462 INFO o.a.j.JMeter: Default Locale=English (EN)
2023-12-05 23:06:52,462 INFO o.a.j.JMeter: JMeter  Locale=English (EN)
2023-12-05 23:06:52,462 INFO o.a.j.JMeter: JMeterHome=/usr/local/Cellar/jmeter/5.6.2/libexec
2023-12-05 23:06:52,462 INFO o.a.j.JMeter: user.dir  =/Users/ignacio/Desktop/patarescata2
2023-12-05 23:06:52,463 INFO o.a.j.JMeter: PWD       =/Users/ignacio/Desktop/patarescata2
2023-12-05 23:06:52,464 INFO o.a.j.JMeter: IP: 127.0.0.1 Name: MacBook-Air-de-Ignacio.local FullName: localhost
2023-12-05 23:06:52,478 INFO o.a.j.JMeter: Loaded icon properties from org/apache/jmeter/images/icon.properties
2023-12-05 23:06:53,406 INFO o.a.j.JMeterGuiLauncher: Setting LAF to: com.github.weisj.darklaf.DarkLaf:com.github.weisj.darklaf.theme.DarculaTheme
2023-12-05 23:06:55,891 INFO o.a.j.r.ClassFinder: Will scan jar /usr/local/Cellar/jmeter/5.6.2/libexec/lib/ext/jmeter-plugins-manager-1.9.jar with filter ExtendsClassFilter [parents=[interface org.apache.jmeter.gui.action.Command], inner=false, contains=null, notContains=null]. Consider exposing JMeter plugins via META-INF/services, and add JMeter-Skip-Class-Scanning=true manifest attribute so JMeter can skip classfile scanning
2023-12-05 23:06:56,065 INFO o.a.j.r.ClassFinder: Will scan jar /usr/local/Cellar/jmeter/5.6.2/libexec/lib/ext/jmeter-plugins-manager-1.9.jar with filter ExtendsClassFilter [parents=[interface org.apache.jmeter.gui.plugin.MenuCreator], inner=false, contains=null, notContains=null]. Consider exposing JMeter plugins via META-INF/services, and add JMeter-Skip-Class-Scanning=true manifest attribute so JMeter can skip classfile scanning
2023-12-05 23:06:56,227 INFO o.j.r.JARSourceHTTP: Requesting https://jmeter-plugins.org/repo/?installID=mac_os_x-f3ad0b15b7c25540182c94b812f31839-gui
